# JRE version: OpenJDK Runtime Environment (11.0.4+11) (build 11.0.4+11)
# Java VM: OpenJDK 64-Bit Server VM (11.0.4+11, mixed mode, tiered, compressed oops, g1 gc, windows-amd64)
Heap:
 garbage-first heap   total 61440K, used 30393K [0x0000000081e00000, 0x0000000100000000)
  region size 1024K, 13 young (13312K), 4 survivors (4096K)
 Metaspace       used 50180K, capacity 51993K, committed 52304K, reserved 1095680K
  class space    used 6334K, capacity 7066K, committed 7168K, reserved 1048576K
GC Heap History (10 events):
Event: 14494.348 GC heap after
{Heap after GC invocations=30 (full 2):
 garbage-first heap   total 61440K, used 22256K [0x0000000081e00000, 0x0000000100000000)
  region size 1024K, 1 young (1024K), 1 survivors (1024K)
 Metaspace       used 49893K, capacity 51599K, committed 52304K, reserved 1095680K
  class space    used 6293K, capacity 6975K, committed 7168K, reserved 1048576K
}
Event: 15369.713 GC heap before
{Heap before GC invocations=30 (full 2):
 garbage-first heap   total 61440K, used 47856K [0x0000000081e00000, 0x0000000100000000)
  region size 1024K, 26 young (26624K), 1 survivors (1024K)
 Metaspace       used 49893K, capacity 51599K, committed 52304K, reserved 1095680K
  class space    used 6293K, capacity 6975K, committed 7168K, reserved 1048576K
}
Event: 15369.716 GC heap after
{Heap after GC invocations=31 (full 2):
 garbage-first heap   total 61440K, used 22031K [0x0000000081e00000, 0x0000000100000000)
  region size 1024K, 1 young (1024K), 1 survivors (1024K)
 Metaspace       used 49893K, capacity 51599K, committed 52304K, reserved 1095680K
  class space    used 6293K, capacity 6975K, committed 7168K, reserved 1048576K
}
Event: 15754.607 GC heap before
{Heap before GC invocations=31 (full 2):
 garbage-first heap   total 61440K, used 39439K [0x0000000081e00000, 0x0000000100000000)
  region size 1024K, 19 young (19456K), 1 survivors (1024K)
 Metaspace       used 49939K, capacity 51671K, committed 52304K, reserved 1095680K
  class space    used 6299K, capacity 6988K, committed 7168K, reserved 1048576K
}
Event: 15754.917 GC heap after
{Heap after GC invocations=32 (full 3):
 garbage-first heap   total 61440K, used 16340K [0x0000000081e00000, 0x0000000100000000)
  region size 1024K, 0 young (0K), 0 survivors (0K)
 Metaspace       used 49897K, capacity 51605K, committed 52304K, reserved 1095680K
  class space    used 6293K, capacity 6975K, committed 7168K, reserved 1048576K
}
Event: 15756.954 GC heap before
{Heap before GC invocations=32 (full 3):
 garbage-first heap   total 61440K, used 46036K [0x0000000081e00000, 0x0000000100000000)
  region size 1024K, 29 young (29696K), 0 survivors (0K)
 Metaspace       used 50018K, capacity 51816K, committed 52304K, reserved 1095680K
  class space    used 6316K, capacity 7015K, committed 7168K, reserved 1048576K
}
Event: 15756.974 GC heap after
{Heap after GC invocations=33 (full 3):
 garbage-first heap   total 61440K, used 18970K [0x0000000081e00000, 0x0000000100000000)
  region size 1024K, 3 young (3072K), 3 survivors (3072K)
 Metaspace       used 50018K, capacity 51816K, committed 52304K, reserved 1095680K
  class space    used 6316K, capacity 7015K, committed 7168K, reserved 1048576K
}
Event: 15757.965 GC heap before
{Heap before GC invocations=33 (full 3):
 garbage-first heap   total 61440K, used 46618K [0x0000000081e00000, 0x0000000100000000)
  region size 1024K, 30 young (30720K), 3 survivors (3072K)
 Metaspace       used 50163K, capacity 51969K, committed 52304K, reserved 1095680K
  class space    used 6331K, capacity 7061K, committed 7168K, reserved 1048576K
}
Event: 15757.996 GC heap after
{Heap after GC invocations=34 (full 3):
 garbage-first heap   total 61440K, used 21953K [0x0000000081e00000, 0x0000000100000000)
  region size 1024K, 4 young (4096K), 4 survivors (4096K)
 Metaspace       used 50163K, capacity 51969K, committed 52304K, reserved 1095680K
  class space    used 6331K, capacity 7061K, committed 7168K, reserved 1048576K
}
Event: 15760.176 GC heap before
{Heap before GC invocations=34 (full 3):
 garbage-first heap   total 61440K, used 30145K [0x0000000081e00000, 0x0000000100000000)
  region size 1024K, 13 young (13312K), 4 survivors (4096K)
 Metaspace       used 50180K, capacity 51993K, committed 52304K, reserved 1095680K
  class space    used 6334K, capacity 7066K, committed 7168K, reserved 1048576K
}

